<?xml version="1.0" encoding="UTF-8"?>
<!-- Generated by org.testng.reporters.JUnitReportReporter -->
<testsuite hostname="DESKTOP-8DQ5F38" failures="0" tests="2" name="TestPackage.TestClass2" time="31.568" errors="0" timestamp="2023-10-12T10:31:01 IST" skipped="0">
  <testcase classname="TestPackage.TestClass2" name="VerifyBackToProductButton" time="15.408"/>
  <system-out/>
  <testcase classname="TestPackage.TestClass2" name="VerifyBackToProductButton" time="16.160"/>
  <system-out/>
</testsuite> <!-- TestPackage.TestClass2 -->
